
[Entity Lookup Debug]
Table: homes
Entity ID: db875819-6799-43f3-921f-b0b0ef74cb41
Service Key Exists: true
Error: {"code":"42703","details":null,"hint":null,"message":"column homes.metadata does not exist"}
Data Exists: false
-----------------------
Renaming: C:\Clients\`Git Repository\elitecarefinders\public\images\media\chan-000012240-4.jpg -> C:\Clients\`Git Repository\elitecarefinders\public\images\media\chan-000012245-4.jpg
Renaming: C:\Clients\`Git Repository\elitecarefinders\public\images\media\chan-000012240-3.jpg -> C:\Clients\`Git Repository\elitecarefinders\public\images\media\chan-000012245-3.jpg
Renaming: C:\Clients\`Git Repository\elitecarefinders\public\images\media\chan-000012240-2.jpg -> C:\Clients\`Git Repository\elitecarefinders\public\images\media\chan-000012245-2.jpg
Renaming: C:\Clients\`Git Repository\elitecarefinders\public\images\media\chan-000012240-1.jpg -> C:\Clients\`Git Repository\elitecarefinders\public\images\media\chan-000012245-1.jpg
Renaming: C:\Clients\`Git Repository\elitecarefinders\public\images\media\chan-000012240-5.jpg -> C:\Clients\`Git Repository\elitecarefinders\public\images\media\chan-000012245-5.jpg
Renaming: C:\Clients\`Git Repository\elitecarefinders\public\images\media\chan-0000012340-4.jpg -> C:\Clients\`Git Repository\elitecarefinders\public\images\media\fran-0000012340-4.jpg
Renaming: C:\Clients\`Git Repository\elitecarefinders\public\images\media\chan-0000012340-1.jpg -> C:\Clients\`Git Repository\elitecarefinders\public\images\media\fran-0000012340-1.jpg
Renaming: C:\Clients\`Git Repository\elitecarefinders\public\images\media\chan-0000012340-2.jpg -> C:\Clients\`Git Repository\elitecarefinders\public\images\media\fran-0000012340-2.jpg
Renaming: C:\Clients\`Git Repository\elitecarefinders\public\images\media\chan-0000012340-3.jpg -> C:\Clients\`Git Repository\elitecarefinders\public\images\media\fran-0000012340-3.jpg
Renaming: C:\Clients\`Git Repository\elitecarefinders\public\images\media\chan-0000012340-5.jpg -> C:\Clients\`Git Repository\elitecarefinders\public\images\media\fran-0000012340-5.jpg
Renaming: C:\Clients\`Git Repository\elitecarefinders\public\images\media\hunt-000012390-4.jpg -> C:\Clients\`Git Repository\elitecarefinders\public\images\media\hunt-000012391-4.jpg
Renaming: C:\Clients\`Git Repository\elitecarefinders\public\images\media\hunt-000012390-3.jpg -> C:\Clients\`Git Repository\elitecarefinders\public\images\media\hunt-000012391-3.jpg
Renaming: C:\Clients\`Git Repository\elitecarefinders\public\images\media\hunt-000012390-2.jpg -> C:\Clients\`Git Repository\elitecarefinders\public\images\media\hunt-000012391-2.jpg
Renaming: C:\Clients\`Git Repository\elitecarefinders\public\images\media\hunt-000012390-1.jpg -> C:\Clients\`Git Repository\elitecarefinders\public\images\media\hunt-000012391-1.jpg
Renaming: C:\Clients\`Git Repository\elitecarefinders\public\images\media\hunt-000012390-5.jpg -> C:\Clients\`Git Repository\elitecarefinders\public\images\media\hunt-000012391-5.jpg
Renaming: C:\Clients\`Git Repository\elitecarefinders\public\images\media\hunt-000012391-4.jpg -> C:\Clients\`Git Repository\elitecarefinders\public\images\media\hunt-000012392-4.jpg
Renaming: C:\Clients\`Git Repository\elitecarefinders\public\images\media\hunt-000012391-3.jpg -> C:\Clients\`Git Repository\elitecarefinders\public\images\media\hunt-000012392-3.jpg
Renaming: C:\Clients\`Git Repository\elitecarefinders\public\images\media\hunt-000012391-2.jpg -> C:\Clients\`Git Repository\elitecarefinders\public\images\media\hunt-000012392-2.jpg
Renaming: C:\Clients\`Git Repository\elitecarefinders\public\images\media\hunt-000012391-1.jpg -> C:\Clients\`Git Repository\elitecarefinders\public\images\media\hunt-000012392-1.jpg
Renaming: C:\Clients\`Git Repository\elitecarefinders\public\images\media\hunt-000012391-5.jpg -> C:\Clients\`Git Repository\elitecarefinders\public\images\media\hunt-000012392-5.jpg
Renaming: C:\Clients\`Git Repository\elitecarefinders\public\images\media\hunt-000012392-4.jpg -> C:\Clients\`Git Repository\elitecarefinders\public\images\media\hunt-000012393-4.jpg
Renaming: C:\Clients\`Git Repository\elitecarefinders\public\images\media\hunt-000012392-3.jpg -> C:\Clients\`Git Repository\elitecarefinders\public\images\media\hunt-000012393-3.jpg
Renaming: C:\Clients\`Git Repository\elitecarefinders\public\images\media\hunt-000012392-2.jpg -> C:\Clients\`Git Repository\elitecarefinders\public\images\media\hunt-000012393-2.jpg
Renaming: C:\Clients\`Git Repository\elitecarefinders\public\images\media\hunt-000012392-1.jpg -> C:\Clients\`Git Repository\elitecarefinders\public\images\media\hunt-000012393-1.jpg
Renaming: C:\Clients\`Git Repository\elitecarefinders\public\images\media\hunt-000012392-5.jpg -> C:\Clients\`Git Repository\elitecarefinders\public\images\media\hunt-000012393-5.jpg
Renaming: C:\Clients\`Git Repository\elitecarefinders\public\images\media\hunt-0098760-6.png -> C:\Clients\`Git Repository\elitecarefinders\public\images\media\hunt-0098761-6.png
Renaming: C:\Clients\`Git Repository\elitecarefinders\public\images\media\hunt-0098760-1.jpg -> C:\Clients\`Git Repository\elitecarefinders\public\images\media\hunt-0098761-1.jpg
Renaming: C:\Clients\`Git Repository\elitecarefinders\public\images\media\hunt-0098760-2.jpg -> C:\Clients\`Git Repository\elitecarefinders\public\images\media\hunt-0098761-2.jpg
Renaming: C:\Clients\`Git Repository\elitecarefinders\public\images\media\hunt-0098760-3.jpg -> C:\Clients\`Git Repository\elitecarefinders\public\images\media\hunt-0098761-3.jpg
Renaming: C:\Clients\`Git Repository\elitecarefinders\public\images\media\hunt-0098760-4.jpg -> C:\Clients\`Git Repository\elitecarefinders\public\images\media\hunt-0098761-4.jpg
Renaming: C:\Clients\`Git Repository\elitecarefinders\public\images\media\final-verification-post-updated-man-dude.jpg -> C:\Clients\`Git Repository\elitecarefinders\public\images\media\final-verification-post-updated-again-man-dude.jpg
Renaming: C:\Clients\`Git Repository\elitecarefinders\public\images\media\candy-bars-1.jpg -> C:\Clients\`Git Repository\elitecarefinders\public\images\media\candy-stix-1.jpg
Renaming: C:\Clients\`Git Repository\elitecarefinders\public\images\media\candy-bars-5.jpg -> C:\Clients\`Git Repository\elitecarefinders\public\images\media\candy-stix-5.jpg
